<?xml version="1.0" encoding="UTF-8"?>
<testsuite name="menu.domain.RandomMenuGeneratorTest" tests="1" skipped="0" failures="0" errors="0" timestamp="2024-12-07T13:40:38" hostname="baghyeong-gyun-ui-MacBookPro.local" time="0.001">
  <properties/>
  <testcase name="코치가 싫어하는 메뉴와 이미 추천한 메뉴는 생성하지 않는다." classname="menu.domain.RandomMenuGeneratorTest" time="0.001"/>
  <system-out><![CDATA[]]></system-out>
  <system-err><![CDATA[]]></system-err>
</testsuite>
